<?xml version="1.0" encoding="UTF-8"?>
<!-- Generated by org.testng.reporters.JUnitReportReporter -->
<testsuite skipped="0" hostname="DIN13002819" name="retailPSA.RetailMaven.RetailMainTest" tests="6" failures="0" timestamp="2020-10-20T15:23:42 IST" time="154.310" errors="0">
  <testcase name="launchHomePage" time="7.396" classname="retailPSA.RetailMaven.RetailMainTest"/>
  <testcase name="addAMIPop2YearService" time="29.242" classname="retailPSA.RetailMaven.RetailMainTest"/>
  <testcase name="userAccountCreation" time="12.756" classname="retailPSA.RetailMaven.RetailMainTest"/>
  <testcase name="cartVerification" time="31.350" classname="retailPSA.RetailMaven.RetailMainTest"/>
  <testcase name="paymentProcess" time="71.141" classname="retailPSA.RetailMaven.RetailMainTest"/>
  <testcase name="closeBrowser" time="2.425" classname="retailPSA.RetailMaven.RetailMainTest"/>
</testsuite> <!-- retailPSA.RetailMaven.RetailMainTest -->
